<?xml version="1.0" encoding="UTF-8"?>
<testsuite xmlns:xsi="http://www.w3.org/2001/XMLSchema-instance" xsi:noNamespaceSchemaLocation="https://maven.apache.org/surefire/maven-surefire-plugin/xsd/surefire-test-report.xsd" name="com.epam.esm.dao.GiftCertificateDAOImplTest" time="0.103" tests="7" errors="0" skipped="0" failures="0">
  <properties>
    <property name="awt.toolkit" value="sun.awt.X11.XToolkit"/>
    <property name="file.encoding.pkg" value="sun.io"/>
    <property name="java.specification.version" value="1.8"/>
    <property name="sun.cpu.isalist" value=""/>
    <property name="sun.jnu.encoding" value="UTF-8"/>
    <property name="java.class.path" value="/home/dmitriy/IdeaProjects/gift/target/test-classes:/home/dmitriy/IdeaProjects/gift/target/classes:/home/dmitriy/.m2/repository/org/springframework/spring-web/5.1.9.RELEASE/spring-web-5.1.9.RELEASE.jar:/home/dmitriy/.m2/repository/org/springframework/spring-beans/5.1.9.RELEASE/spring-beans-5.1.9.RELEASE.jar:/home/dmitriy/.m2/repository/org/springframework/spring-core/5.1.9.RELEASE/spring-core-5.1.9.RELEASE.jar:/home/dmitriy/.m2/repository/org/springframework/spring-jcl/5.1.9.RELEASE/spring-jcl-5.1.9.RELEASE.jar:/home/dmitriy/.m2/repository/org/springframework/spring-webmvc/5.1.9.RELEASE/spring-webmvc-5.1.9.RELEASE.jar:/home/dmitriy/.m2/repository/org/springframework/spring-aop/5.1.9.RELEASE/spring-aop-5.1.9.RELEASE.jar:/home/dmitriy/.m2/repository/org/springframework/spring-context/5.1.9.RELEASE/spring-context-5.1.9.RELEASE.jar:/home/dmitriy/.m2/repository/org/springframework/spring-expression/5.1.9.RELEASE/spring-expression-5.1.9.RELEASE.jar:/home/dmitriy/.m2/repository/javax/servlet/javax.servlet-api/3.1.0/javax.servlet-api-3.1.0.jar:/home/dmitriy/.m2/repository/javax/servlet/jsp/javax.servlet.jsp-api/2.3.2-b02/javax.servlet.jsp-api-2.3.2-b02.jar:/home/dmitriy/.m2/repository/javax/servlet/jstl/1.2/jstl-1.2.jar:/home/dmitriy/.m2/repository/org/springframework/spring-jdbc/5.3.9/spring-jdbc-5.3.9.jar:/home/dmitriy/.m2/repository/org/springframework/spring-tx/5.3.9/spring-tx-5.3.9.jar:/home/dmitriy/.m2/repository/org/postgresql/postgresql/42.2.23/postgresql-42.2.23.jar:/home/dmitriy/.m2/repository/org/checkerframework/checker-qual/3.5.0/checker-qual-3.5.0.jar:/home/dmitriy/.m2/repository/com/fasterxml/jackson/core/jackson-databind/2.9.10.1/jackson-databind-2.9.10.1.jar:/home/dmitriy/.m2/repository/com/fasterxml/jackson/core/jackson-annotations/2.9.10/jackson-annotations-2.9.10.jar:/home/dmitriy/.m2/repository/com/fasterxml/jackson/core/jackson-core/2.9.10/jackson-core-2.9.10.jar:/home/dmitriy/.m2/repository/org/junit/jupiter/junit-jupiter-engine/5.7.1/junit-jupiter-engine-5.7.1.jar:/home/dmitriy/.m2/repository/org/apiguardian/apiguardian-api/1.1.0/apiguardian-api-1.1.0.jar:/home/dmitriy/.m2/repository/org/junit/platform/junit-platform-engine/1.7.1/junit-platform-engine-1.7.1.jar:/home/dmitriy/.m2/repository/org/opentest4j/opentest4j/1.2.0/opentest4j-1.2.0.jar:/home/dmitriy/.m2/repository/org/junit/platform/junit-platform-commons/1.7.1/junit-platform-commons-1.7.1.jar:/home/dmitriy/.m2/repository/org/junit/jupiter/junit-jupiter-api/5.7.1/junit-jupiter-api-5.7.1.jar:/home/dmitriy/.m2/repository/org/junit/platform/junit-platform-runner/1.7.0/junit-platform-runner-1.7.0.jar:/home/dmitriy/.m2/repository/org/junit/platform/junit-platform-launcher/1.7.0/junit-platform-launcher-1.7.0.jar:/home/dmitriy/.m2/repository/org/junit/platform/junit-platform-suite-api/1.7.0/junit-platform-suite-api-1.7.0.jar:/home/dmitriy/.m2/repository/org/assertj/assertj-core/3.18.1/assertj-core-3.18.1.jar:/home/dmitriy/.m2/repository/org/hamcrest/hamcrest/2.2/hamcrest-2.2.jar:/home/dmitriy/.m2/repository/com/h2database/h2/1.4.200/h2-1.4.200.jar:/home/dmitriy/.m2/repository/org/mockito/mockito-core/3.11.2/mockito-core-3.11.2.jar:/home/dmitriy/.m2/repository/net/bytebuddy/byte-buddy/1.11.3/byte-buddy-1.11.3.jar:/home/dmitriy/.m2/repository/net/bytebuddy/byte-buddy-agent/1.11.3/byte-buddy-agent-1.11.3.jar:/home/dmitriy/.m2/repository/org/objenesis/objenesis/3.2/objenesis-3.2.jar:/home/dmitriy/.m2/repository/junit/junit/4.13.2/junit-4.13.2.jar:/home/dmitriy/.m2/repository/org/hamcrest/hamcrest-core/1.3/hamcrest-core-1.3.jar:/home/dmitriy/.m2/repository/io/rest-assured/spring-mock-mvc/4.4.0/spring-mock-mvc-4.4.0.jar:/home/dmitriy/.m2/repository/io/rest-assured/rest-assured/4.4.0/rest-assured-4.4.0.jar:/home/dmitriy/.m2/repository/org/codehaus/groovy/groovy/3.0.8/groovy-3.0.8.jar:/home/dmitriy/.m2/repository/org/codehaus/groovy/groovy-xml/3.0.8/groovy-xml-3.0.8.jar:/home/dmitriy/.m2/repository/org/apache/httpcomponents/httpclient/4.5.13/httpclient-4.5.13.jar:/home/dmitriy/.m2/repository/org/apache/httpcomponents/httpcore/4.4.13/httpcore-4.4.13.jar:/home/dmitriy/.m2/repository/commons-logging/commons-logging/1.2/commons-logging-1.2.jar:/home/dmitriy/.m2/repository/commons-codec/commons-codec/1.11/commons-codec-1.11.jar:/home/dmitriy/.m2/repository/org/apache/httpcomponents/httpmime/4.5.13/httpmime-4.5.13.jar:/home/dmitriy/.m2/repository/org/ccil/cowan/tagsoup/tagsoup/1.2.1/tagsoup-1.2.1.jar:/home/dmitriy/.m2/repository/io/rest-assured/json-path/4.4.0/json-path-4.4.0.jar:/home/dmitriy/.m2/repository/org/codehaus/groovy/groovy-json/3.0.8/groovy-json-3.0.8.jar:/home/dmitriy/.m2/repository/io/rest-assured/rest-assured-common/4.4.0/rest-assured-common-4.4.0.jar:/home/dmitriy/.m2/repository/io/rest-assured/xml-path/4.4.0/xml-path-4.4.0.jar:/home/dmitriy/.m2/repository/org/apache/commons/commons-lang3/3.11/commons-lang3-3.11.jar:/home/dmitriy/.m2/repository/jakarta/xml/bind/jakarta.xml.bind-api/2.3.3/jakarta.xml.bind-api-2.3.3.jar:/home/dmitriy/.m2/repository/jakarta/activation/jakarta.activation-api/1.2.2/jakarta.activation-api-1.2.2.jar:/home/dmitriy/.m2/repository/com/sun/xml/bind/jaxb-impl/2.3.3/jaxb-impl-2.3.3.jar:/home/dmitriy/.m2/repository/io/rest-assured/spring-commons/4.4.0/spring-commons-4.4.0.jar:/home/dmitriy/.m2/repository/org/springframework/spring-test/5.2.10.RELEASE/spring-test-5.2.10.RELEASE.jar:/home/dmitriy/.m2/repository/org/skyscreamer/jsonassert/1.5.0/jsonassert-1.5.0.jar:/home/dmitriy/.m2/repository/com/vaadin/external/google/android-json/0.0.20131108.vaadin1/android-json-0.0.20131108.vaadin1.jar:"/>
    <property name="java.vm.vendor" value="AdoptOpenJDK"/>
    <property name="sun.arch.data.model" value="64"/>
    <property name="java.vendor.url" value="https://adoptopenjdk.net/"/>
    <property name="user.timezone" value=""/>
    <property name="java.vm.specification.version" value="1.8"/>
    <property name="os.name" value="Linux"/>
    <property name="user.country" value="RU"/>
    <property name="sun.java.launcher" value="SUN_STANDARD"/>
    <property name="sun.boot.library.path" value="/home/dmitriy/.jdks/adopt-openjdk-1.8.0_292/jre/lib/amd64"/>
    <property name="sun.java.command" value="/home/dmitriy/IdeaProjects/gift/target/surefire/surefirebooter1896182664103289914.jar /home/dmitriy/IdeaProjects/gift/target/surefire 2021-08-25T09-31-19_229-jvmRun1 surefire1410851725122504365tmp surefire_05730636739232365011tmp"/>
    <property name="surefire.test.class.path" value="/home/dmitriy/IdeaProjects/gift/target/test-classes:/home/dmitriy/IdeaProjects/gift/target/classes:/home/dmitriy/.m2/repository/org/springframework/spring-web/5.1.9.RELEASE/spring-web-5.1.9.RELEASE.jar:/home/dmitriy/.m2/repository/org/springframework/spring-beans/5.1.9.RELEASE/spring-beans-5.1.9.RELEASE.jar:/home/dmitriy/.m2/repository/org/springframework/spring-core/5.1.9.RELEASE/spring-core-5.1.9.RELEASE.jar:/home/dmitriy/.m2/repository/org/springframework/spring-jcl/5.1.9.RELEASE/spring-jcl-5.1.9.RELEASE.jar:/home/dmitriy/.m2/repository/org/springframework/spring-webmvc/5.1.9.RELEASE/spring-webmvc-5.1.9.RELEASE.jar:/home/dmitriy/.m2/repository/org/springframework/spring-aop/5.1.9.RELEASE/spring-aop-5.1.9.RELEASE.jar:/home/dmitriy/.m2/repository/org/springframework/spring-context/5.1.9.RELEASE/spring-context-5.1.9.RELEASE.jar:/home/dmitriy/.m2/repository/org/springframework/spring-expression/5.1.9.RELEASE/spring-expression-5.1.9.RELEASE.jar:/home/dmitriy/.m2/repository/javax/servlet/javax.servlet-api/3.1.0/javax.servlet-api-3.1.0.jar:/home/dmitriy/.m2/repository/javax/servlet/jsp/javax.servlet.jsp-api/2.3.2-b02/javax.servlet.jsp-api-2.3.2-b02.jar:/home/dmitriy/.m2/repository/javax/servlet/jstl/1.2/jstl-1.2.jar:/home/dmitriy/.m2/repository/org/springframework/spring-jdbc/5.3.9/spring-jdbc-5.3.9.jar:/home/dmitriy/.m2/repository/org/springframework/spring-tx/5.3.9/spring-tx-5.3.9.jar:/home/dmitriy/.m2/repository/org/postgresql/postgresql/42.2.23/postgresql-42.2.23.jar:/home/dmitriy/.m2/repository/org/checkerframework/checker-qual/3.5.0/checker-qual-3.5.0.jar:/home/dmitriy/.m2/repository/com/fasterxml/jackson/core/jackson-databind/2.9.10.1/jackson-databind-2.9.10.1.jar:/home/dmitriy/.m2/repository/com/fasterxml/jackson/core/jackson-annotations/2.9.10/jackson-annotations-2.9.10.jar:/home/dmitriy/.m2/repository/com/fasterxml/jackson/core/jackson-core/2.9.10/jackson-core-2.9.10.jar:/home/dmitriy/.m2/repository/org/junit/jupiter/junit-jupiter-engine/5.7.1/junit-jupiter-engine-5.7.1.jar:/home/dmitriy/.m2/repository/org/apiguardian/apiguardian-api/1.1.0/apiguardian-api-1.1.0.jar:/home/dmitriy/.m2/repository/org/junit/platform/junit-platform-engine/1.7.1/junit-platform-engine-1.7.1.jar:/home/dmitriy/.m2/repository/org/opentest4j/opentest4j/1.2.0/opentest4j-1.2.0.jar:/home/dmitriy/.m2/repository/org/junit/platform/junit-platform-commons/1.7.1/junit-platform-commons-1.7.1.jar:/home/dmitriy/.m2/repository/org/junit/jupiter/junit-jupiter-api/5.7.1/junit-jupiter-api-5.7.1.jar:/home/dmitriy/.m2/repository/org/junit/platform/junit-platform-runner/1.7.0/junit-platform-runner-1.7.0.jar:/home/dmitriy/.m2/repository/org/junit/platform/junit-platform-launcher/1.7.0/junit-platform-launcher-1.7.0.jar:/home/dmitriy/.m2/repository/org/junit/platform/junit-platform-suite-api/1.7.0/junit-platform-suite-api-1.7.0.jar:/home/dmitriy/.m2/repository/org/assertj/assertj-core/3.18.1/assertj-core-3.18.1.jar:/home/dmitriy/.m2/repository/org/hamcrest/hamcrest/2.2/hamcrest-2.2.jar:/home/dmitriy/.m2/repository/com/h2database/h2/1.4.200/h2-1.4.200.jar:/home/dmitriy/.m2/repository/org/mockito/mockito-core/3.11.2/mockito-core-3.11.2.jar:/home/dmitriy/.m2/repository/net/bytebuddy/byte-buddy/1.11.3/byte-buddy-1.11.3.jar:/home/dmitriy/.m2/repository/net/bytebuddy/byte-buddy-agent/1.11.3/byte-buddy-agent-1.11.3.jar:/home/dmitriy/.m2/repository/org/objenesis/objenesis/3.2/objenesis-3.2.jar:/home/dmitriy/.m2/repository/junit/junit/4.13.2/junit-4.13.2.jar:/home/dmitriy/.m2/repository/org/hamcrest/hamcrest-core/1.3/hamcrest-core-1.3.jar:/home/dmitriy/.m2/repository/io/rest-assured/spring-mock-mvc/4.4.0/spring-mock-mvc-4.4.0.jar:/home/dmitriy/.m2/repository/io/rest-assured/rest-assured/4.4.0/rest-assured-4.4.0.jar:/home/dmitriy/.m2/repository/org/codehaus/groovy/groovy/3.0.8/groovy-3.0.8.jar:/home/dmitriy/.m2/repository/org/codehaus/groovy/groovy-xml/3.0.8/groovy-xml-3.0.8.jar:/home/dmitriy/.m2/repository/org/apache/httpcomponents/httpclient/4.5.13/httpclient-4.5.13.jar:/home/dmitriy/.m2/repository/org/apache/httpcomponents/httpcore/4.4.13/httpcore-4.4.13.jar:/home/dmitriy/.m2/repository/commons-logging/commons-logging/1.2/commons-logging-1.2.jar:/home/dmitriy/.m2/repository/commons-codec/commons-codec/1.11/commons-codec-1.11.jar:/home/dmitriy/.m2/repository/org/apache/httpcomponents/httpmime/4.5.13/httpmime-4.5.13.jar:/home/dmitriy/.m2/repository/org/ccil/cowan/tagsoup/tagsoup/1.2.1/tagsoup-1.2.1.jar:/home/dmitriy/.m2/repository/io/rest-assured/json-path/4.4.0/json-path-4.4.0.jar:/home/dmitriy/.m2/repository/org/codehaus/groovy/groovy-json/3.0.8/groovy-json-3.0.8.jar:/home/dmitriy/.m2/repository/io/rest-assured/rest-assured-common/4.4.0/rest-assured-common-4.4.0.jar:/home/dmitriy/.m2/repository/io/rest-assured/xml-path/4.4.0/xml-path-4.4.0.jar:/home/dmitriy/.m2/repository/org/apache/commons/commons-lang3/3.11/commons-lang3-3.11.jar:/home/dmitriy/.m2/repository/jakarta/xml/bind/jakarta.xml.bind-api/2.3.3/jakarta.xml.bind-api-2.3.3.jar:/home/dmitriy/.m2/repository/jakarta/activation/jakarta.activation-api/1.2.2/jakarta.activation-api-1.2.2.jar:/home/dmitriy/.m2/repository/com/sun/xml/bind/jaxb-impl/2.3.3/jaxb-impl-2.3.3.jar:/home/dmitriy/.m2/repository/io/rest-assured/spring-commons/4.4.0/spring-commons-4.4.0.jar:/home/dmitriy/.m2/repository/org/springframework/spring-test/5.2.10.RELEASE/spring-test-5.2.10.RELEASE.jar:/home/dmitriy/.m2/repository/org/skyscreamer/jsonassert/1.5.0/jsonassert-1.5.0.jar:/home/dmitriy/.m2/repository/com/vaadin/external/google/android-json/0.0.20131108.vaadin1/android-json-0.0.20131108.vaadin1.jar:"/>
    <property name="sun.cpu.endian" value="little"/>
    <property name="user.home" value="/home/dmitriy"/>
    <property name="user.language" value="ru"/>
    <property name="java.specification.vendor" value="Oracle Corporation"/>
    <property name="java.home" value="/home/dmitriy/.jdks/adopt-openjdk-1.8.0_292/jre"/>
    <property name="basedir" value="/home/dmitriy/IdeaProjects/gift"/>
    <property name="file.separator" value="/"/>
    <property name="line.separator" value="&#10;"/>
    <property name="java.vm.specification.vendor" value="Oracle Corporation"/>
    <property name="java.specification.name" value="Java Platform API Specification"/>
    <property name="java.awt.graphicsenv" value="sun.awt.X11GraphicsEnvironment"/>
    <property name="surefire.real.class.path" value="/home/dmitriy/IdeaProjects/gift/target/surefire/surefirebooter1896182664103289914.jar"/>
    <property name="sun.boot.class.path" value="/home/dmitriy/.jdks/adopt-openjdk-1.8.0_292/jre/lib/resources.jar:/home/dmitriy/.jdks/adopt-openjdk-1.8.0_292/jre/lib/rt.jar:/home/dmitriy/.jdks/adopt-openjdk-1.8.0_292/jre/lib/sunrsasign.jar:/home/dmitriy/.jdks/adopt-openjdk-1.8.0_292/jre/lib/jsse.jar:/home/dmitriy/.jdks/adopt-openjdk-1.8.0_292/jre/lib/jce.jar:/home/dmitriy/.jdks/adopt-openjdk-1.8.0_292/jre/lib/charsets.jar:/home/dmitriy/.jdks/adopt-openjdk-1.8.0_292/jre/lib/jfr.jar:/home/dmitriy/.jdks/adopt-openjdk-1.8.0_292/jre/classes"/>
    <property name="sun.management.compiler" value="HotSpot 64-Bit Tiered Compilers"/>
    <property name="java.runtime.version" value="1.8.0_292-b10"/>
    <property name="user.name" value="dmitriy"/>
    <property name="path.separator" value=":"/>
    <property name="os.version" value="5.11.0-27-generic"/>
    <property name="java.endorsed.dirs" value="/home/dmitriy/.jdks/adopt-openjdk-1.8.0_292/jre/lib/endorsed"/>
    <property name="java.runtime.name" value="OpenJDK Runtime Environment"/>
    <property name="file.encoding" value="UTF-8"/>
    <property name="java.vm.name" value="OpenJDK 64-Bit Server VM"/>
    <property name="localRepository" value="/home/dmitriy/.m2/repository"/>
    <property name="java.vendor.url.bug" value="https://github.com/AdoptOpenJDK/openjdk-support/issues"/>
    <property name="java.io.tmpdir" value="/tmp"/>
    <property name="idea.version" value="2021.2"/>
    <property name="java.version" value="1.8.0_292"/>
    <property name="user.dir" value="/home/dmitriy/IdeaProjects/gift"/>
    <property name="os.arch" value="amd64"/>
    <property name="java.vm.specification.name" value="Java Virtual Machine Specification"/>
    <property name="java.awt.printerjob" value="sun.print.PSPrinterJob"/>
    <property name="sun.os.patch.level" value="unknown"/>
    <property name="java.library.path" value="/usr/java/packages/lib/amd64:/usr/lib64:/lib64:/lib:/usr/lib"/>
    <property name="java.vm.info" value="mixed mode"/>
    <property name="java.vendor" value="AdoptOpenJDK"/>
    <property name="java.vm.version" value="25.292-b10"/>
    <property name="java.ext.dirs" value="/home/dmitriy/.jdks/adopt-openjdk-1.8.0_292/jre/lib/ext:/usr/java/packages/lib/ext"/>
    <property name="sun.io.unicode.encoding" value="UnicodeLittle"/>
    <property name="java.class.version" value="52.0"/>
  </properties>
  <testcase name="create" classname="com.epam.esm.dao.GiftCertificateDAOImplTest" time="0.015"/>
  <testcase name="delete" classname="com.epam.esm.dao.GiftCertificateDAOImplTest" time="0.011"/>
  <testcase name="update" classname="com.epam.esm.dao.GiftCertificateDAOImplTest" time="0.024"/>
  <testcase name="findByName" classname="com.epam.esm.dao.GiftCertificateDAOImplTest" time="0.008"/>
  <testcase name="read" classname="com.epam.esm.dao.GiftCertificateDAOImplTest" time="0.007"/>
  <testcase name="addTagToGift" classname="com.epam.esm.dao.GiftCertificateDAOImplTest" time="0.011"/>
  <testcase name="allGifts" classname="com.epam.esm.dao.GiftCertificateDAOImplTest" time="0.016"/>
</testsuite>